2025-04-08 01:29:00.654321 - Received CBT.V508.FILE087.PDS from FILE087.XMI 
2025-04-08 01:29:00.659249 - Found $$$#DATE.txt (text/plain) in CBT.V508.FILE087.PDS, moved to PDS/$$$#DATE
2025-04-08 01:29:00.660935 - Found $$$INDEX.txt (text/plain) in CBT.V508.FILE087.PDS, moved to PDS/$$$INDEX
2025-04-08 01:29:00.662468 - Found $INSTALL.txt (text/plain) in CBT.V508.FILE087.PDS, moved to PDS/$INSTALL
2025-04-08 01:29:00.664123 - Found $MRMCBT.jcl (text/plain) in CBT.V508.FILE087.PDS, moved to PDS/$MRMCBT
2025-04-08 01:29:00.665788 - Found @FILE087.txt (text/plain) in CBT.V508.FILE087.PDS, moved to PDS/@FILE087
2025-04-08 01:29:00.667428 - Found BATSCAN.jcl (text/plain) in CBT.V508.FILE087.PDS, moved to PDS/BATSCAN
2025-04-08 01:29:00.668980 - Found CLEAR.jcl (text/plain) in CBT.V508.FILE087.PDS, moved to PDS/CLEAR
2025-04-08 01:29:00.670520 - Found CLOGC.txt (text/plain) in CBT.V508.FILE087.PDS, moved to PDS/CLOGC
2025-04-08 01:29:00.672534 - Found CLOGDW.txt (text/plain) in CBT.V508.FILE087.PDS, moved to PDS/CLOGDW
2025-04-08 01:29:00.673984 - Found CLOGEA.txt (text/plain) in CBT.V508.FILE087.PDS, moved to PDS/CLOGEA
2025-04-08 01:29:00.675409 - Found CLOGEC.txt (text/plain) in CBT.V508.FILE087.PDS, moved to PDS/CLOGEC
2025-04-08 01:29:00.676848 - Found CLOGMAIN.txt (text/plain) in CBT.V508.FILE087.PDS, moved to PDS/CLOGMAIN
2025-04-08 01:29:00.678318 - Found CLOGSA.txt (text/plain) in CBT.V508.FILE087.PDS, moved to PDS/CLOGSA
2025-04-08 01:29:00.680051 - Found CLOGSC1.txt (text/plain) in CBT.V508.FILE087.PDS, moved to PDS/CLOGSC1
2025-04-08 01:29:00.681497 - Found CLOGSC2.txt (text/plain) in CBT.V508.FILE087.PDS, moved to PDS/CLOGSC2
2025-04-08 01:29:00.683028 - Found CLOGSC3.txt (text/plain) in CBT.V508.FILE087.PDS, moved to PDS/CLOGSC3
2025-04-08 01:29:00.684651 - Found ISRUTIL.txt (text/plain) in CBT.V508.FILE087.PDS, moved to PDS/ISRUTIL
2025-04-08 01:29:00.686043 - Found LOGASMCL.jcl (text/plain) in CBT.V508.FILE087.PDS, moved to PDS/LOGASMCL
2025-04-08 01:29:00.687551 - Found LOGC.txt (text/plain) in CBT.V508.FILE087.PDS, moved to PDS/LOGC
2025-04-08 01:29:00.688979 - Found LOGCH.txt (text/plain) in CBT.V508.FILE087.PDS, moved to PDS/LOGCH
2025-04-08 01:29:00.691444 - Found LOGCMDS.txt (text/plain) in CBT.V508.FILE087.PDS, moved to PDS/LOGCMDS
2025-04-08 01:29:00.693149 - Found LOGDDH.txt (text/plain) in CBT.V508.FILE087.PDS, moved to PDS/LOGDDH
2025-04-08 01:29:00.694664 - Found LOGDDH2.txt (text/plain) in CBT.V508.FILE087.PDS, moved to PDS/LOGDDH2
2025-04-08 01:29:00.696447 - Found LOGDDH3.txt (text/plain) in CBT.V508.FILE087.PDS, moved to PDS/LOGDDH3
2025-04-08 01:29:00.697969 - Found LOGDDH4.txt (text/plain) in CBT.V508.FILE087.PDS, moved to PDS/LOGDDH4
2025-04-08 01:29:00.699439 - Found LOGDW.txt (text/plain) in CBT.V508.FILE087.PDS, moved to PDS/LOGDW
2025-04-08 01:29:00.701087 - Found LOGDWH.txt (text/plain) in CBT.V508.FILE087.PDS, moved to PDS/LOGDWH
2025-04-08 01:29:00.702542 - Found LOGDWH2.txt (text/plain) in CBT.V508.FILE087.PDS, moved to PDS/LOGDWH2
2025-04-08 01:29:00.704069 - Found LOGE.txt (text/plain) in CBT.V508.FILE087.PDS, moved to PDS/LOGE
2025-04-08 01:29:00.705455 - Found LOGEA.txt (text/plain) in CBT.V508.FILE087.PDS, moved to PDS/LOGEA
2025-04-08 01:29:00.706910 - Found LOGEAH.txt (text/plain) in CBT.V508.FILE087.PDS, moved to PDS/LOGEAH
2025-04-08 01:29:00.708373 - Found LOGEH.txt (text/plain) in CBT.V508.FILE087.PDS, moved to PDS/LOGEH
2025-04-08 01:29:00.709978 - Found LOGMAIN.txt (text/plain) in CBT.V508.FILE087.PDS, moved to PDS/LOGMAIN
2025-04-08 01:29:00.711505 - Found LOGMAINH.txt (text/plain) in CBT.V508.FILE087.PDS, moved to PDS/LOGMAINH
2025-04-08 01:29:00.713059 - Found LOGMAINT.txt (text/plain) in CBT.V508.FILE087.PDS, moved to PDS/LOGMAINT
2025-04-08 01:29:00.714523 - Found LOGSA.txt (text/plain) in CBT.V508.FILE087.PDS, moved to PDS/LOGSA
2025-04-08 01:29:00.716118 - Found LOGSAH.txt (text/plain) in CBT.V508.FILE087.PDS, moved to PDS/LOGSAH
2025-04-08 01:29:00.717602 - Found LOGSAH2.txt (text/plain) in CBT.V508.FILE087.PDS, moved to PDS/LOGSAH2
2025-04-08 01:29:00.719199 - Found LOGSC.txt (text/plain) in CBT.V508.FILE087.PDS, moved to PDS/LOGSC
2025-04-08 01:29:00.721337 - Found LOGSCAN.txt (text/plain) in CBT.V508.FILE087.PDS, moved to PDS/LOGSCAN
2025-04-08 01:29:00.722781 - Found LOGSCH.txt (text/plain) in CBT.V508.FILE087.PDS, moved to PDS/LOGSCH
2025-04-08 01:29:00.724571 - Found LOGSCH1.txt (text/plain) in CBT.V508.FILE087.PDS, moved to PDS/LOGSCH1
2025-04-08 01:29:00.726107 - Found LOGSCH2.txt (text/plain) in CBT.V508.FILE087.PDS, moved to PDS/LOGSCH2
2025-04-08 01:29:00.727740 - Found LOGSCH3.txt (text/plain) in CBT.V508.FILE087.PDS, moved to PDS/LOGSCH3
2025-04-08 01:29:00.729346 - Found LOGSC2.txt (text/plain) in CBT.V508.FILE087.PDS, moved to PDS/LOGSC2
2025-04-08 01:29:00.730734 - Found LOGV01.txt (text/plain) in CBT.V508.FILE087.PDS, moved to PDS/LOGV01
2025-04-08 01:29:00.732208 - Found OPTEJCL.jcl (text/plain) in CBT.V508.FILE087.PDS, moved to PDS/OPTEJCL
2025-04-08 01:29:00.733907 - Found OPTIONE.jcl (text/plain) in CBT.V508.FILE087.PDS, moved to PDS/OPTIONE
2025-04-08 01:29:00.735405 - Found POSTPROC.jcl (text/plain) in CBT.V508.FILE087.PDS, moved to PDS/POSTPROC
2025-04-08 01:29:00.736851 - Found PRINTLOG.jcl (text/plain) in CBT.V508.FILE087.PDS, moved to PDS/PRINTLOG
2025-04-08 01:29:00.738527 - Found PROC.jcl (text/plain) in CBT.V508.FILE087.PDS, moved to PDS/PROC
2025-04-08 01:29:00.740001 - Found RANGE.jcl (text/plain) in CBT.V508.FILE087.PDS, moved to PDS/RANGE
2025-04-08 01:29:00.741560 - Found SLOGC.txt (text/plain) in CBT.V508.FILE087.PDS, moved to PDS/SLOGC
2025-04-08 01:29:00.743175 - Found SLOGDW.txt (text/plain) in CBT.V508.FILE087.PDS, moved to PDS/SLOGDW
2025-04-08 01:29:00.744715 - Found SLOGEA.txt (text/plain) in CBT.V508.FILE087.PDS, moved to PDS/SLOGEA
2025-04-08 01:29:00.746285 - Found SLOGSA.txt (text/plain) in CBT.V508.FILE087.PDS, moved to PDS/SLOGSA
2025-04-08 01:29:00.747780 - Found SLOGSC2.txt (text/plain) in CBT.V508.FILE087.PDS, moved to PDS/SLOGSC2
2025-04-08 01:29:00.749218 - Found SLOGTMP.txt (text/plain) in CBT.V508.FILE087.PDS, moved to PDS/SLOGTMP
2025-04-08 01:29:00.750785 - Found SOPENTRY.txt (text/plain) in CBT.V508.FILE087.PDS, moved to PDS/SOPENTRY
2025-04-08 01:29:00.752359 - Found SYSLOGD.txt (text/plain) in CBT.V508.FILE087.PDS, moved to PDS/SYSLOGD
